<?xml version="1.0" encoding="UTF-8"?>
<!-- Generated by org.testng.reporters.JUnitXMLReporter -->
<testsuite hostname="IND-5CG147C3SY" ignored="0" name="Test" tests="1" failures="1" timestamp="03 Oct 2023 05:47:33 GMT" time="12.19" errors="0">
  <testcase name="testForHomepage" time="0.02" classname="PartsUnlimited.PUTest.PageHeaderTest">
    <failure type="java.lang.AssertionError" message="expected [Home Page - Testing – Parts Unlimited] but found [Home Page - Testing123 – Parts Unlimited]">
      <![CDATA[java.lang.AssertionError: expected [Home Page - Testing – Parts Unlimited] but found [Home Page - Testing123 – Parts Unlimited]
	at PartsUnlimited.PUTest.PageHeaderTest.testForHomepage(PageHeaderTest.java:18)
... Removed 31 stack frames]]>
    </failure>
  </testcase> <!-- testForHomepage -->
</testsuite> <!-- Test -->
